<?xml version="1.0" encoding="UTF-8"?>
<!-- Generated by org.testng.reporters.JUnitReportReporter -->
<testsuite hostname="DESKTOP-VJ2ITIN" failures="0" tests="1" name="cucumber.TestNgTestRunner" time="5.906" errors="1" timestamp="2025-01-13T20:43:06 IST" skipped="0">
  <testcase classname="cucumber.TestNgTestRunner" name="runScenario" time="5.906">
    <error message="Cannot invoke &quot;org.openqa.selenium.WebElement.findElement(org.openqa.selenium.By)&quot; because &quot;prod&quot; is null" type="java.lang.NullPointerException">
      <![CDATA[java.lang.NullPointerException: Cannot invoke "org.openqa.selenium.WebElement.findElement(org.openqa.selenium.By)" because "prod" is null
at rahulshettyacademy.pageObjects.ProductCatalogue.addProductToCart(ProductCatalogue.java:56)
at rahulshettyacademy.stepDefinitions.StepDefinitionImp.I_add_product_to_cart(StepDefinitionImp.java:43)
at ✽.I add product ADIDAS ORIGINAL to Cart(file:///E:/StgWorkSpace/SeleniumFrameworkDesign/src/test/java/cucumber/SubmitOrder.feature:12)
]]>
    </error>
  </testcase> <!-- runScenario -->
</testsuite> <!-- cucumber.TestNgTestRunner -->
